[2025-03-18 20:46:54] ERROR: [object Object]
[2025-03-18 20:46:54] ERROR: Error: email password not matched
[2025-03-18 20:53:12] ERROR: email password not matched
[2025-03-18 20:53:12] ERROR: Error: email password not matched
[2025-03-18 20:53:20] ERROR: email password not matched
[2025-03-18 20:53:20] ERROR: Error: email password not matched
[2025-03-18 21:07:15] ERROR: email password not matched
[2025-03-18 21:07:15] ERROR: Error: email password not matched
[2025-03-18 21:08:43] ERROR: email password not matched
[2025-03-18 21:08:43] ERROR: Error: email password not matched
[2025-03-18 21:09:47] ERROR: email password not matched
[2025-03-18 21:09:47] ERROR: Error: email password not matched
[2025-03-18 21:10:32] ERROR: email password not matched
[2025-03-18 21:10:32] ERROR: Error: email password not matched
[2025-03-18 21:11:27] ERROR: email password not matched
[2025-03-18 21:11:27] ERROR: Error: email password not matched
[2025-03-18 21:14:38] ERROR: secretOrPrivateKey must have a value
[2025-03-18 21:14:38] ERROR: Error: secretOrPrivateKey must have a value
[2025-03-18 21:14:58] ERROR: secretOrPrivateKey must have a value
[2025-03-18 21:14:58] ERROR: Error: secretOrPrivateKey must have a value
[2025-03-18 21:17:57] ERROR: secretOrPrivateKey must have a value
[2025-03-18 21:17:57] ERROR: Error: secretOrPrivateKey must have a value
[2025-03-18 21:19:51] ERROR: secretOrPrivateKey must have a value
[2025-03-18 21:19:51] ERROR: Error: secretOrPrivateKey must have a value
[2025-03-18 21:21:05] ERROR: secretOrPrivateKey must have a value
[2025-03-18 21:21:05] ERROR: Error: secretOrPrivateKey must have a value
[2025-03-18 21:21:50] ERROR: secretOrPrivateKey must have a value
[2025-03-18 21:21:50] ERROR: Error: secretOrPrivateKey must have a value
[2025-03-18 21:22:50] ERROR: secretOrPrivateKey must have a value
[2025-03-18 21:22:50] ERROR: Error: secretOrPrivateKey must have a value
[2025-03-18 21:24:12] ERROR: secretOrPrivateKey must have a value
[2025-03-18 21:24:12] ERROR: Error: secretOrPrivateKey must have a value
[2025-03-18 21:25:53] ERROR: secretOrPrivateKey must have a value
[2025-03-18 21:25:53] ERROR: Error: secretOrPrivateKey must have a value
[2025-03-18 21:26:53] ERROR: secretOrPrivateKey must have a value
[2025-03-18 21:26:53] ERROR: Error: secretOrPrivateKey must have a value
[2025-03-18 21:31:59] ERROR: secretOrPrivateKey must have a value
[2025-03-18 21:31:59] ERROR: Error: secretOrPrivateKey must have a value
[2025-03-18 21:40:00] ERROR: email password not matched
[2025-03-18 21:40:00] ERROR: Error: email password not matched
